#
# There is insufficient memory for the Java Runtime Environment to continue.
# Native memory allocation (mmap) failed to map 266338304 bytes for G1 virtual space
# Possible reasons:
#   The system is out of physical RAM or swap space
#   The process is running with CompressedOops enabled, and the Java Heap may be blocking the growth of the native heap
# Possible solutions:
#   Reduce memory load on the system
#   Increase physical memory or swap space
#   Check if swap backing store is full
#   Decrease Java heap size (-Xmx/-Xms)
#   Decrease number of Java threads
#   Decrease Java thread stack sizes (-Xss)
#   Set larger code cache with -XX:ReservedCodeCacheSize=
#   JVM is running with Zero Based Compressed Oops mode in which the Java heap is
#     placed in the first 32GB address space. The Java Heap base address is the
#     maximum limit for the native heap growth. Please use -XX:HeapBaseMinAddress
#     to set the Java Heap base and to place the Java Heap above 32GB virtual address.
# This output file may be truncated or incomplete.
#
#  Out of Memory Error (os_windows.cpp:3552), pid=8408, tid=314384
#
# JRE version:  (17.0.9+11) (build )
# Java VM: Java HotSpot(TM) 64-Bit Server VM (17.0.9+11-LTS-201, mixed mode, emulated-client, sharing, tiered, compressed oops, compressed class ptrs, g1 gc, windows-amd64)
# No core dump will be written. Minidumps are not enabled by default on client versions of Windows
#

---------------  S U M M A R Y ------------

Command Line: -XX:TieredStopAtLevel=1 -Dspring.output.ansi.enabled=always -Dcom.sun.management.jmxremote -Dspring.jmx.enabled=true -Dspring.liveBeansView.mbeanDomain -Dspring.application.admin.enabled=true -Dmanagement.endpoints.jmx.exposure.include=* -javaagent:C:\Program Files\JetBrains\IntelliJ IDEA 2022.3.2\lib\idea_rt.jar=58684:C:\Program Files\JetBrains\IntelliJ IDEA 2022.3.2\bin -Dfile.encoding=UTF-8 com.mei.vendasapi.VendasApiApplication

Host: Intel(R) Core(TM) i3-10105 CPU @ 3.70GHz, 8 cores, 15G,  Windows 11 , 64 bit Build 22621 (10.0.22621.3958)
Time: Thu Sep 26 14:39:50 2024 Hora oficial do Brasil elapsed time: 0.014623 seconds (0d 0h 0m 0s)

---------------  T H R E A D  ---------------

Current thread (0x00000255787b5ff0):  JavaThread "Unknown thread" [_thread_in_vm, id=314384, stack(0x000000bf5a400000,0x000000bf5a500000)]

Stack: [0x000000bf5a400000,0x000000bf5a500000]
Native frames: (J=compiled Java code, j=interpreted, Vv=VM code, C=native code)
V  [jvm.dll+0x678a4a]
V  [jvm.dll+0x7d9cfd]
V  [jvm.dll+0x7db60e]
V  [jvm.dll+0x7dbc73]
V  [jvm.dll+0x245e1f]
V  [jvm.dll+0x6758f9]
V  [jvm.dll+0x66a2a2]
V  [jvm.dll+0x303686]
V  [jvm.dll+0x30ac06]
V  [jvm.dll+0x35a48e]
V  [jvm.dll+0x35a6bf]
V  [jvm.dll+0x2da678]
V  [jvm.dll+0x2db5e4]
V  [jvm.dll+0x7ab6b1]
V  [jvm.dll+0x368041]
V  [jvm.dll+0x78a749]
V  [jvm.dll+0x3ebd4f]
V  [jvm.dll+0x3ed7d1]
C  [jli.dll+0x5297]
C  [ucrtbase.dll+0x29333]
C  [KERNEL32.DLL+0x1257d]
C  [ntdll.dll+0x5af28]


---------------  P R O C E S S  ---------------

Threads class SMR info:
_java_thread_list=0x00007fff972989d8, length=0, elements={
}

Java Threads: ( => current thread )

Other Threads:
  0x0000025578823b30 GCTaskThread "GC Thread#0" [stack: 0x000000bf5a600000,0x000000bf5a700000] [id=159128]
  0x00000255788356f0 ConcurrentGCThread "G1 Main Marker" [stack: 0x000000bf5a700000,0x000000bf5a800000] [id=318940]
  0x0000025578836010 ConcurrentGCThread "G1 Conc#0" [stack: 0x000000bf5a800000,0x000000bf5a900000] [id=319324]

[error occurred during error reporting (printing all threads), id 0xc0000005, EXCEPTION_ACCESS_VIOLATION (0xc0000005) at pc=0x00007fff96acb2d7]

VM state: not at safepoint (not fully initialized)

VM Mutex/Monitor currently owned by a thread:  ([mutex/lock_event])
[0x00000255787b3850] Heap_lock - owner thread: 0x00000255787b5ff0

Heap address: 0x0000000702a00000, size: 4054 MB, Compressed Oops mode: Zero based, Oop shift amount: 3

CDS archive(s) mapped at: [0x0000000000000000-0x0000000000000000-0x0000000000000000), size 0, SharedBaseAddress: 0x0000000800000000, ArchiveRelocationMode: 1.
Narrow klass base: 0x0000000000000000, Narrow klass shift: 0, Narrow klass range: 0x0

GC Precious Log:
<Empty>

Heap:
 garbage-first heap   total 0K, used 0K [0x0000000702a00000, 0x0000000800000000)
  region size 2048K, 0 young (0K), 0 survivors (0K)

[error occurred during error reporting (printing heap information), id 0xc0000005, EXCEPTION_ACCESS_VIOLATION (0xc0000005) at pc=0x00007fff96eb2229]

GC Heap History (0 events):
No events

Deoptimization events (0 events):
No events

Classes unloaded (0 events):
No events

Classes redefined (0 events):
No events

Internal exceptions (0 events):
No events

VM Operations (0 events):
No events

Events (1 events):
Event: 0.010 Loaded shared library C:\Program Files\Java\jdk-17\bin\java.dll


Dynamic libraries:
0x00007ff6a5cc0000 - 0x00007ff6a5cd0000 	C:\Program Files\Java\jdk-17\bin\java.exe
0x00007ff818b30000 - 0x00007ff818d47000 	C:\Windows\SYSTEM32\ntdll.dll
0x00007ff817ac0000 - 0x00007ff817b84000 	C:\Windows\System32\KERNEL32.DLL
0x00007ff816370000 - 0x00007ff81671d000 	C:\Windows\System32\KERNELBASE.dll
0x00007ff815f70000 - 0x00007ff816081000 	C:\Windows\System32\ucrtbase.dll
0x00007ff812200000 - 0x00007ff81221b000 	C:\Program Files\Java\jdk-17\bin\VCRUNTIME140.dll
0x00007ff8122f0000 - 0x00007ff812309000 	C:\Program Files\Java\jdk-17\bin\jli.dll
0x00007ff818110000 - 0x00007ff8181c2000 	C:\Windows\System32\ADVAPI32.dll
0x00007ff817970000 - 0x00007ff817a17000 	C:\Windows\System32\msvcrt.dll
0x00007ff8181d0000 - 0x00007ff818279000 	C:\Windows\System32\sechost.dll
0x00007ff8160c0000 - 0x00007ff8160e8000 	C:\Windows\System32\bcrypt.dll
0x00007ff817850000 - 0x00007ff817964000 	C:\Windows\System32\RPCRT4.dll
0x00007ff817df0000 - 0x00007ff817f9e000 	C:\Windows\System32\USER32.dll
0x00007ff816090000 - 0x00007ff8160b6000 	C:\Windows\System32\win32u.dll
0x00007ff817be0000 - 0x00007ff817c09000 	C:\Windows\System32\GDI32.dll
0x00007ff815e50000 - 0x00007ff815f69000 	C:\Windows\System32\gdi32full.dll
0x00007ff816160000 - 0x00007ff8161fa000 	C:\Windows\System32\msvcp_win.dll
0x00007ffffdf00000 - 0x00007ffffe193000 	C:\Windows\WinSxS\amd64_microsoft.windows.common-controls_6595b64144ccf1df_6.0.22621.3672_none_2713b9d173822955\COMCTL32.dll
0x00007ff8122c0000 - 0x00007ff8122ca000 	C:\Windows\SYSTEM32\VERSION.dll
0x00007ff816b20000 - 0x00007ff816b51000 	C:\Windows\System32\IMM32.DLL
0x00007ff8121f0000 - 0x00007ff8121fc000 	C:\Program Files\Java\jdk-17\bin\vcruntime140_1.dll
0x00007ffffbf70000 - 0x00007ffffbffe000 	C:\Program Files\Java\jdk-17\bin\msvcp140.dll
0x00007fff967e0000 - 0x00007fff973c1000 	C:\Program Files\Java\jdk-17\bin\server\jvm.dll
0x00007ff817d30000 - 0x00007ff817d38000 	C:\Windows\System32\PSAPI.DLL
0x00007ff80d390000 - 0x00007ff80d399000 	C:\Windows\SYSTEM32\WSOCK32.dll
0x00007ff817c90000 - 0x00007ff817d01000 	C:\Windows\System32\WS2_32.dll
0x00007ff80ffa0000 - 0x00007ff80ffd4000 	C:\Windows\SYSTEM32\WINMM.dll
0x00007ff814e60000 - 0x00007ff814e78000 	C:\Windows\SYSTEM32\kernel.appcore.dll
0x00007ff8121e0000 - 0x00007ff8121ea000 	C:\Program Files\Java\jdk-17\bin\jimage.dll
0x00007ff813490000 - 0x00007ff8136c2000 	C:\Windows\SYSTEM32\DBGHELP.DLL
0x00007ff816bd0000 - 0x00007ff816f5e000 	C:\Windows\System32\combase.dll
0x00007ff818030000 - 0x00007ff818107000 	C:\Windows\System32\OLEAUT32.dll
0x00007ff8002a0000 - 0x00007ff8002d2000 	C:\Windows\SYSTEM32\dbgcore.DLL
0x00007ff8167e0000 - 0x00007ff81685b000 	C:\Windows\System32\bcryptPrimitives.dll
0x00007ff811070000 - 0x00007ff81107e000 	C:\Program Files\Java\jdk-17\bin\instrument.dll
0x00007ff812030000 - 0x00007ff812055000 	C:\Program Files\Java\jdk-17\bin\java.dll

dbghelp: loaded successfully - version: 4.0.5 - missing functions: none
symbol engine: initialized successfully - sym options: 0x614 - pdb path: .;C:\Program Files\Java\jdk-17\bin;C:\Windows\SYSTEM32;C:\Windows\WinSxS\amd64_microsoft.windows.common-controls_6595b64144ccf1df_6.0.22621.3672_none_2713b9d173822955;C:\Program Files\Java\jdk-17\bin\server

VM Arguments:
jvm_args: -XX:TieredStopAtLevel=1 -Dspring.output.ansi.enabled=always -Dcom.sun.management.jmxremote -Dspring.jmx.enabled=true -Dspring.liveBeansView.mbeanDomain -Dspring.application.admin.enabled=true -Dmanagement.endpoints.jmx.exposure.include=* -javaagent:C:\Program Files\JetBrains\IntelliJ IDEA 2022.3.2\lib\idea_rt.jar=58684:C:\Program Files\JetBrains\IntelliJ IDEA 2022.3.2\bin -Dfile.encoding=UTF-8 
java_command: com.mei.vendasapi.VendasApiApplication
java_class_path (initial): C:\Users\joao.carlos\Downloads\mei-cupom-api-dev\target\classes;C:\Users\joao.carlos\.m2\repository\org\springframework\boot\spring-boot-starter-webflux\2.2.4.RELEASE\spring-boot-starter-webflux-2.2.4.RELEASE.jar;C:\Users\joao.carlos\.m2\repository\org\springframework\boot\spring-boot-starter\2.2.4.RELEASE\spring-boot-starter-2.2.4.RELEASE.jar;C:\Users\joao.carlos\.m2\repository\org\springframework\boot\spring-boot-starter-logging\2.2.4.RELEASE\spring-boot-starter-logging-2.2.4.RELEASE.jar;C:\Users\joao.carlos\.m2\repository\ch\qos\logback\logback-classic\1.2.3\logback-classic-1.2.3.jar;C:\Users\joao.carlos\.m2\repository\ch\qos\logback\logback-core\1.2.3\logback-core-1.2.3.jar;C:\Users\joao.carlos\.m2\repository\org\apache\logging\log4j\log4j-to-slf4j\2.12.1\log4j-to-slf4j-2.12.1.jar;C:\Users\joao.carlos\.m2\repository\org\apache\logging\log4j\log4j-api\2.12.1\log4j-api-2.12.1.jar;C:\Users\joao.carlos\.m2\repository\org\slf4j\jul-to-slf4j\1.7.30\jul-to-slf4j-1.7.30.jar;C:\Users\joao.carlos\.m2\repository\jakarta\annotation\jakarta.annotation-api\1.3.5\jakarta.annotation-api-1.3.5.jar;C:\Users\joao.carlos\.m2\repository\org\yaml\snakeyaml\1.25\snakeyaml-1.25.jar;C:\Users\joao.carlos\.m2\repository\org\springframework\boot\spring-boot-starter-json\2.2.4.RELEASE\spring-boot-starter-json-2.2.4.RELEASE.jar;C:\Users\joao.carlos\.m2\repository\com\fasterxml\jackson\datatype\jackson-datatype-jdk8\2.10.2\jackson-datatype-jdk8-2.10.2.jar;C:\Users\joao.carlos\.m2\repository\com\fasterxml\jackson\datatype\jackson-datatype-jsr310\2.10.2\jackson-datatype-jsr310-2.10.2.jar;C:\Users\joao.carlos\.m2\repository\com\fasterxml\jackson\module\jackson-module-parameter-names\2.10.2\jackson-module-parameter-names-2.10.2.jar;C:\Users\joao.carlos\.m2\repository\org\springframework\boot\spring-boot-starter-reactor-netty\2.2.4.RELEASE\spring-boot-starter-reactor-netty-2.2.4.RELEASE.jar;C:\Users\joao.carlos\.m2\repository\io\projectreactor\netty\reactor-netty\0.9.4
Launcher Type: SUN_STANDARD

[Global flags]
     intx CICompilerCount                          = 4                                         {product} {ergonomic}
     uint ConcGCThreads                            = 2                                         {product} {ergonomic}
     uint G1ConcRefinementThreads                  = 8                                         {product} {ergonomic}
   size_t G1HeapRegionSize                         = 2097152                                   {product} {ergonomic}
    uintx GCDrainStackTargetSize                   = 64                                        {product} {ergonomic}
   size_t InitialHeapSize                          = 266338304                                 {product} {ergonomic}
     bool ManagementServer                         = true                                      {product} {command line}
   size_t MarkStackSize                            = 4194304                                   {product} {ergonomic}
   size_t MaxHeapSize                              = 4250927104                                {product} {ergonomic}
   size_t MinHeapDeltaBytes                        = 2097152                                   {product} {ergonomic}
   size_t MinHeapSize                              = 8388608                                   {product} {ergonomic}
    uintx NonProfiledCodeHeapSize                  = 0                                      {pd product} {ergonomic}
     bool ProfileInterpreter                       = false                                  {pd product} {command line}
    uintx ProfiledCodeHeapSize                     = 0                                      {pd product} {ergonomic}
   size_t SoftMaxHeapSize                          = 4250927104                             {manageable} {ergonomic}
     intx TieredStopAtLevel                        = 1                                         {product} {command line}
     bool UseCompressedClassPointers               = true                           {product lp64_product} {ergonomic}
     bool UseCompressedOops                        = true                           {product lp64_product} {ergonomic}
     bool UseG1GC                                  = true                                      {product} {ergonomic}
     bool UseLargePagesIndividualAllocation        = false                                  {pd product} {ergonomic}

Logging:
Log output configuration:
 #0: stdout all=warning uptime,level,tags
 #1: stderr all=off uptime,level,tags

Environment Variables:
PATH=C:\OracleDatabase21cXE\dbhomeXE\bin;C:\Python312\Scripts\;C:\Python312\;C:\Program Files\Common Files\Oracle\Java\javapath;C:\Program Files (x86)\Common Files\Oracle\Java\javapath;C:\Windows\system32;C:\Windows;C:\Windows\System32\Wbem;C:\Windows\System32\WindowsPowerShell\v1.0\;C:\Windows\System32\OpenSSH\;C:\Program Files\Git\cmd;C:\ProgramData\chocolatey\bin;C:\Program Files (x86)\HP\Common\HPDestPlgIn\;C:\Program Files (x86)\HP\IdrsOCR_15.3.1129.0\;C:\Program Files\Docker\Docker\resources\bin;C:\Program Files\gs\gs10.03.1\bin;C:\Program Files\nodejs\;C:\Program Files\MySQL\MySQL Shell 8.0\bin\;C:\Users\joao.carlos\AppData\Local\Microsoft\WindowsApps;C:\Program Files\JetBrains\PyCharm 2022.1.4\bin;C:\Users\joao.carlos\AppData\Local\Microsoft\WinGet\Packages\Genymobile.scrcpy_Microsoft.Winget.Source_8wekyb3d8bbwe\scrcpy-win64-v2.3.1;C:\Users\joao.carlos\AppData\Local\Programs\Microsoft VS Code\bin;C:\Users\joao.carlos\AppData\Roaming\npm
USERNAME=joao.carlos
OS=Windows_NT
PROCESSOR_IDENTIFIER=Intel64 Family 6 Model 165 Stepping 3, GenuineIntel



---------------  S Y S T E M  ---------------

OS:
 Windows 11 , 64 bit Build 22621 (10.0.22621.3958)
OS uptime: 2 days 0:56 hours
Hyper-V role detected

CPU: total 8 (initial active 8) (4 cores per cpu, 2 threads per core) family 6 model 165 stepping 3 microcode 0xea, cx8, cmov, fxsr, ht, mmx, 3dnowpref, sse, sse2, sse3, ssse3, sse4.1, sse4.2, popcnt, lzcnt, tsc, tscinvbit, avx, avx2, aes, erms, clmul, bmi1, bmi2, adx, fma, vzeroupper, clflush, clflushopt, hv

Memory: 4k page, system-wide physical 16213M (1355M free)
TotalPageFile size 18261M (AvailPageFile size 149M)
current process WorkingSet (physical memory assigned to process): 11M, peak: 11M
current process commit charge ("private bytes"): 55M, peak: 309M

vm_info: Java HotSpot(TM) 64-Bit Server VM (17.0.9+11-LTS-201) for windows-amd64 JRE (17.0.9+11-LTS-201), built on Oct 10 2023 23:16:06 by "mach5one" with MS VC++ 17.1 (VS2022)

END.
